[2026-03-13 20:06:10] === 開始備份 Superron 記憶 ===
[2026-03-13 20:06:10] 正在同步 GitHub 倉庫...
[2026-03-13 20:06:14] 複製 workspace 檔案...
[2026-03-13 20:06:14] 複製 skills...
[2026-03-13 20:06:14] 複製 extensions...
[2026-03-13 20:06:18] ✅ 備份成功！已推送至 GitHub
[2026-03-13 20:06:18] === 備份完成 ===
[2026-03-13 20:12:50] === 開始備份 Superron 記憶 ===
[2026-03-13 20:12:50] 正在同步 GitHub 倉庫...
[2026-03-13 20:12:55] 複製 workspace 檔案...
[2026-03-13 20:12:55] 複製 skills...
[2026-03-13 20:12:55] 複製 extensions...
[2026-03-13 20:12:57] ✅ 備份成功！已推送至 GitHub
[2026-03-13 20:12:57] === 備份完成 ===
[2026-03-14 00:00:01] === 開始備份 Superron 記憶 ===
[2026-03-14 00:00:01] === 開始備份 Superron 記憶 ===
[2026-03-14 00:00:01] 正在同步 GitHub 倉庫...
[2026-03-14 00:00:01] 正在同步 GitHub 倉庫...
[2026-03-14 00:00:04] 複製 workspace 檔案...
[2026-03-14 00:00:04] 複製 workspace 檔案...
[2026-03-14 00:00:04] 複製 skills...
[2026-03-14 00:00:04] 複製 skills...
[2026-03-14 00:00:04] 複製 extensions...
[2026-03-14 00:00:04] 複製 extensions...
[main 2fc7674] 🔄 Superron 自動備份 - 2026-03-14 00:00:05
 5 files changed, 2095 insertions(+), 4 deletions(-)
[2026-03-14 00:00:07] ✅ 備份成功！已推送至 GitHub
[2026-03-14 00:00:07] ✅ 備份成功！已推送至 GitHub
[2026-03-14 00:00:07] === 備份完成 ===
[2026-03-14 00:00:07] === 備份完成 ===
[2026-03-14 13:47:45] === 開始備份 Superron 記憶 ===
[2026-03-14 13:47:45] 正在同步 GitHub 倉庫...
[2026-03-14 13:47:49] 複製 workspace 檔案...
[2026-03-14 13:47:49] 複製 skills...
[2026-03-14 13:47:49] 複製 extensions...
[2026-03-14 13:47:58] === 開始備份 Superron 記憶 ===
[2026-03-14 13:47:58] 正在同步 GitHub 倉庫...
[2026-03-14 13:48:02] 複製 workspace 檔案...
[2026-03-14 13:48:02] 複製 skills...
[2026-03-14 13:48:02] 複製 extensions...
